Using pre-set license
Built from '2020.3/release' branch; Version is '2020.3.7f1 (dd97f2c94397) revision 14522354'; Using compiler version '192528614'; Build Type 'Release'
OS: 'Windows 10 Home; OS build 19044.2130; Version 2009; 64bit' Language: 'en' Physical Memory: 16294 MB
BatchMode: 1, IsHumanControllingUs: 0, StartBugReporterOnCrash: 0, Is64bit: 1, IsPro: 0

 COMMAND LINE ARGUMENTS:
C:\Program Files\Unity\Hub\Editor\2020.3.7f1\Editor\Unity.exe
-adb2
-batchMode
-noUpm
-name
AssetImportWorker0
-projectPath
C:/Users/xdjer/Projects/UnityStageDive/Stage Dive
-logFile
Logs/AssetImportWorker0.log
-srvPort
52158
Successfully changed project path to: C:/Users/xdjer/Projects/UnityStageDive/Stage Dive
C:/Users/xdjer/Projects/UnityStageDive/Stage Dive
Using Asset Import Pipeline V2.
Refreshing native plugins compatible for Editor in 27.07 ms, found 0 plugins.
Preloading 0 native plugins for Editor in 0.00 ms.
Initialize engine version: 2020.3.7f1 (dd97f2c94397)
[Subsystems] Discovering subsystems at path C:/Program Files/Unity/Hub/Editor/2020.3.7f1/Editor/Data/Resources/UnitySubsystems
[Subsystems] Discovering subsystems at path C:/Users/xdjer/Projects/UnityStageDive/Stage Dive/Assets
GfxDevice: creating device client; threaded=0
Direct3D:
    Version:  Direct3D 11.0 [level 11.1]
    Renderer: NVIDIA GeForce GTX 1660 Ti (ID=0x2191)
    Vendor:   
    VRAM:     5991 MB
    Driver:   30.0.14.7196
Initialize mono
Mono path[0] = 'C:/Program Files/Unity/Hub/Editor/2020.3.7f1/Editor/Data/Managed'
Mono path[1] = 'C:/Program Files/Unity/Hub/Editor/2020.3.7f1/Editor/Data/MonoBleedingEdge/lib/mono/unityjit'
Mono config path = 'C:/Program Files/Unity/Hub/Editor/2020.3.7f1/Editor/Data/MonoBleedingEdge/etc'
Using monoOptions --debugger-agent=transport=dt_socket,embedding=1,server=y,suspend=n,address=127.0.0.1:56644
Begin MonoManager ReloadAssembly
Registering precompiled unity dll's ...
Register platform support module: C:/Program Files/Unity/Hub/Editor/2020.3.7f1/Editor/Data/PlaybackEngines/WebGLSupport/UnityEditor.WebGL.Extensions.dll
Register platform support module: C:/Program Files/Unity/Hub/Editor/2020.3.7f1/Editor/Data/PlaybackEngines/WindowsStandaloneSupport/UnityEditor.WindowsStandalone.Extensions.dll
Registered in 0.002678 seconds.
Native extension for WindowsStandalone target not found
Native extension for WebGL target not found
Refreshing native plugins compatible for Editor in 32.13 ms, found 0 plugins.
Preloading 0 native plugins for Editor in 0.00 ms.
Mono: successfully reloaded assembly
- Completed reload, in  1.478 seconds
Platform modules already initialized, skipping
Registering precompiled user dll's ...
Registered in 0.000769 seconds.
Begin MonoManager ReloadAssembly
Native extension for WindowsStandalone target not found
Native extension for WebGL target not found
Refreshing native plugins compatible for Editor in 28.15 ms, found 0 plugins.
Preloading 0 native plugins for Editor in 0.00 ms.
Mono: successfully reloaded assembly
- Completed reload, in  0.966 seconds
Platform modules already initialized, skipping
========================================================================
Worker process is ready to serve import requests
Launched and connected shader compiler UnityShaderCompiler.exe after 0.04 seconds
Refreshing native plugins compatible for Editor in 0.24 ms, found 0 plugins.
Preloading 0 native plugins for Editor in 0.00 ms.
Unloading 1562 Unused Serialized files (Serialized files now loaded: 0)
System memory in use before: 74.9 MB.
System memory in use after: 74.9 MB.

Unloading 13 unused Assets to reduce memory usage. Loaded Objects now: 2006.
Total: 2.304800 ms (FindLiveObjects: 0.330000 ms CreateObjectMapping: 0.100400 ms MarkObjects: 1.791000 ms  DeleteObjects: 0.082300 ms)

========================================================================
Received Import Request.
  path: Assets/Scripts/PlayerMovement.cs
  artifactKey: Guid(7d0c9f1673ea9b94cb236e8d18e20e47) Importer(815301076,1909f56bfc062723c751e8b465ee728b)
Start importing Assets/Scripts/PlayerMovement.cs using Guid(7d0c9f1673ea9b94cb236e8d18e20e47) Importer(815301076,1909f56bfc062723c751e8b465ee728b)  -> (artifact id: '79850f68d8323b2950f8dbf483bddab1') in 0.038953 seconds
  Import took 0.044376 seconds .

========================================================================
Received Prepare
Registering precompiled user dll's ...
Registered in 0.000775 seconds.
Begin MonoManager ReloadAssembly
Native extension for WindowsStandalone target not found
Native extension for WebGL target not found
Refreshing native plugins compatible for Editor in 0.24 ms, found 0 plugins.
Preloading 0 native plugins for Editor in 0.00 ms.
Mono: successfully reloaded assembly
- Completed reload, in  0.856 seconds
Platform modules already initialized, skipping
Refreshing native plugins compatible for Editor in 0.24 ms, found 0 plugins.
Preloading 0 native plugins for Editor in 0.00 ms.
Unloading 1555 Unused Serialized files (Serialized files now loaded: 0)
System memory in use before: 74.8 MB.
System memory in use after: 74.9 MB.

Unloading 6 unused Assets to reduce memory usage. Loaded Objects now: 2009.
Total: 2.266200 ms (FindLiveObjects: 0.181000 ms CreateObjectMapping: 0.051900 ms MarkObjects: 1.980500 ms  DeleteObjects: 0.051900 ms)

========================================================================
Received Import Request.
  Time since last request: 116.196008 seconds.
  path: Assets/Prefabs/Mr. NoseALot.prefab
  artifactKey: Guid(511c71084facaed4abd815aaa566f66d) Importer(815301076,1909f56bfc062723c751e8b465ee728b)
Start importing Assets/Prefabs/Mr. NoseALot.prefab using Guid(511c71084facaed4abd815aaa566f66d) Importer(815301076,1909f56bfc062723c751e8b465ee728b)  -> (artifact id: '3e112fce27181db7e008485343dd2d47') in 0.106138 seconds
  Import took 0.109332 seconds .

========================================================================
Received Import Request.
  Time since last request: 0.000334 seconds.
  path: Assets/Prefabs/Player Rig.prefab
  artifactKey: Guid(4bc13c0aee11cee40829ebab3e0a999a) Importer(815301076,1909f56bfc062723c751e8b465ee728b)
Start importing Assets/Prefabs/Player Rig.prefab using Guid(4bc13c0aee11cee40829ebab3e0a999a) Importer(815301076,1909f56bfc062723c751e8b465ee728b)  -> (artifact id: 'd4cf7bfc2fab7f3ce5e0feec0c8a7b5a') in 0.039217 seconds
  Import took 0.041648 seconds .

========================================================================
Received Import Request.
  Time since last request: 0.000260 seconds.
  path: Assets/Prefabs/Mr. NoseALot.prefab
  artifactKey: Guid(511c71084facaed4abd815aaa566f66d) Importer(815301076,1909f56bfc062723c751e8b465ee728b)
Start importing Assets/Prefabs/Mr. NoseALot.prefab using Guid(511c71084facaed4abd815aaa566f66d) Importer(815301076,1909f56bfc062723c751e8b465ee728b)  -> (artifact id: '3e112fce27181db7e008485343dd2d47') in 0.011197 seconds
  Import took 0.014099 seconds .

========================================================================
Received Import Request.
  Time since last request: 0.000236 seconds.
  path: Assets/Prefabs/Player Rig.prefab
  artifactKey: Guid(4bc13c0aee11cee40829ebab3e0a999a) Importer(815301076,1909f56bfc062723c751e8b465ee728b)
Start importing Assets/Prefabs/Player Rig.prefab using Guid(4bc13c0aee11cee40829ebab3e0a999a) Importer(815301076,1909f56bfc062723c751e8b465ee728b)  -> (artifact id: 'd4cf7bfc2fab7f3ce5e0feec0c8a7b5a') in 0.011695 seconds
  Import took 0.014509 seconds .

========================================================================
Received Prepare
Registering precompiled user dll's ...
Registered in 0.000945 seconds.
Begin MonoManager ReloadAssembly
Native extension for WindowsStandalone target not found
Native extension for WebGL target not found
Refreshing native plugins compatible for Editor in 0.27 ms, found 0 plugins.
Preloading 0 native plugins for Editor in 0.00 ms.
Mono: successfully reloaded assembly
- Completed reload, in  0.844 seconds
Platform modules already initialized, skipping
Refreshing native plugins compatible for Editor in 0.26 ms, found 0 plugins.
Preloading 0 native plugins for Editor in 0.00 ms.
Unloading 1555 Unused Serialized files (Serialized files now loaded: 0)
System memory in use before: 78.1 MB.
System memory in use after: 78.1 MB.

Unloading 6 unused Assets to reduce memory usage. Loaded Objects now: 2022.
Total: 1.811900 ms (FindLiveObjects: 0.132300 ms CreateObjectMapping: 0.042800 ms MarkObjects: 1.593400 ms  DeleteObjects: 0.042300 ms)

AssetImportWorkerClient::OnTransportError - code=2 error=End of file
